0 info it worked if it ends with ok
1 verbose cli [ '/usr/local/bin/node',
1 verbose cli   '/usr/local/bin/npm',
1 verbose cli   'install',
1 verbose cli   '-g',
1 verbose cli   'comet.io' ]
2 info using npm@2.15.9
3 info using node@v4.5.0
4 verbose install initial load of /usr/local/lib/package.json
5 verbose readDependencies loading dependencies from /usr/local/lib/package.json
6 silly cache add args [ 'comet.io', null ]
7 verbose cache add spec comet.io
8 silly cache add parsed spec Result {
8 silly cache add   raw: 'comet.io',
8 silly cache add   scope: null,
8 silly cache add   name: 'comet.io',
8 silly cache add   rawSpec: '',
8 silly cache add   spec: 'latest',
8 silly cache add   type: 'tag' }
9 silly addNamed comet.io@latest
10 verbose addNamed "latest" is being treated as a dist-tag for comet.io
11 info addNameTag [ 'comet.io', 'latest' ]
12 silly mapToRegistry name comet.io
13 silly mapToRegistry using default registry
14 silly mapToRegistry registry https://registry.npmjs.org/
15 silly mapToRegistry data Result {
15 silly mapToRegistry   raw: 'comet.io',
15 silly mapToRegistry   scope: null,
15 silly mapToRegistry   name: 'comet.io',
15 silly mapToRegistry   rawSpec: '',
15 silly mapToRegistry   spec: 'latest',
15 silly mapToRegistry   type: 'tag' }
16 silly mapToRegistry uri https://registry.npmjs.org/comet.io
17 verbose addNameTag registry:https://registry.npmjs.org/comet.io not in flight; fetching
18 verbose request uri https://registry.npmjs.org/comet.io
19 verbose request no auth needed
20 info attempt registry request try #1 at 9:22:45 PM
21 verbose request id 0f5295fdc5e60826
22 verbose etag "8CQWKED38YENAM8OMJF5A4P27"
23 http request GET https://registry.npmjs.org/comet.io
24 http 304 https://registry.npmjs.org/comet.io
25 verbose headers { date: 'Mon, 24 Oct 2016 01:22:45 GMT',
25 verbose headers   via: '1.1 varnish',
25 verbose headers   'cache-control': 'max-age=300',
25 verbose headers   etag: '"8CQWKED38YENAM8OMJF5A4P27"',
25 verbose headers   age: '0',
25 verbose headers   connection: 'keep-alive',
25 verbose headers   'x-served-by': 'cache-jfk8128-JFK',
25 verbose headers   'x-cache': 'HIT',
25 verbose headers   'x-cache-hits': '1',
25 verbose headers   'x-timer': 'S1477272165.507257,VS0,VE101',
25 verbose headers   vary: 'Accept-Encoding' }
26 silly get cb [ 304,
26 silly get   { date: 'Mon, 24 Oct 2016 01:22:45 GMT',
26 silly get     via: '1.1 varnish',
26 silly get     'cache-control': 'max-age=300',
26 silly get     etag: '"8CQWKED38YENAM8OMJF5A4P27"',
26 silly get     age: '0',
26 silly get     connection: 'keep-alive',
26 silly get     'x-served-by': 'cache-jfk8128-JFK',
26 silly get     'x-cache': 'HIT',
26 silly get     'x-cache-hits': '1',
26 silly get     'x-timer': 'S1477272165.507257,VS0,VE101',
26 silly get     vary: 'Accept-Encoding' } ]
27 verbose etag https://registry.npmjs.org/comet.io from cache
28 verbose get saving comet.io to /Users/tunguyen/.npm/registry.npmjs.org/comet.io/.cache.json
29 verbose correctMkdir /Users/tunguyen/.npm correctMkdir not in flight; initializing
30 silly addNameTag next cb for comet.io with tag latest
31 silly addNamed comet.io@0.0.5
32 verbose addNamed "0.0.5" is a plain semver version for comet.io
33 silly cache afterAdd comet.io@0.0.5
34 verbose afterAdd /Users/tunguyen/.npm/comet.io/0.0.5/package/package.json not in flight; writing
35 verbose correctMkdir /Users/tunguyen/.npm correctMkdir not in flight; initializing
36 verbose afterAdd /Users/tunguyen/.npm/comet.io/0.0.5/package/package.json written
37 silly install resolved [ { name: 'comet.io',
37 silly install resolved     version: '0.0.5',
37 silly install resolved     description: 'light-weight comet server & client',
37 silly install resolved     main: './lib/comet.io.js',
37 silly install resolved     scripts: { test: './test/server.js' },
37 silly install resolved     repository:
37 silly install resolved      { type: 'git',
37 silly install resolved        url: 'git+https://github.com/snakajima/comet.io.git' },
37 silly install resolved     keywords: [ 'comet', 'ajax', 'push' ],
37 silly install resolved     author:
37 silly install resolved      { name: 'Satoshi Nakajima',
37 silly install resolved        email: 'satoshi.nakajima@gmail.com' },
37 silly install resolved     license: 'MIT',
37 silly install resolved     readme: 'comet.io\n========\n\nLightweight comet server & client for Node.js\n\nServer\n------\n\n```js\nvar app = require(\'http\').createServer(handler);\nvar file = new(require(\'node-static\').Server)(__dirname + \'/web\', {});\nvar comet = require(\'../lib/comet.io.js\').createServer();\n\napp.listen(8000);\nfunction handler(request, response) {\n  request.on(\'end\', function() {\n    if (!comet.serve(request, response)) {\n      file.serve(request, response, function(err, res) {\n        if (err) { console.log(err); }\n      });\n    } \n  });\n}\n\ncomet.on(\'connection\', function (socket) {\n  // do something when a client has connected\n  socket.emit(\'test.message\', { something:\'any json object here\' });\n\n  socket.on(\'test.response\', function(data) {\n    // do something when it receives a message from client\n  });\n});\n```\n\nClient\n------\n\n```js\n  socket = comet.connect();\n  socket.on(\'connect\', function() {\n    // do something when it\'s connected for the first time\n  }).on(\'test.message\', function (data) {\n    // do something, such as sending an message to the server\n    socket.emit(\'test.response\', { something:\'any json object\' });\n  });\n```',
37 silly install resolved     _id: 'comet.io@0.0.5',
37 silly install resolved     dist:
37 silly install resolved      { shasum: '2fff0313c9abf99f067064ead7a90a0c38c686f3',
37 silly install resolved        tarball: 'https://registry.npmjs.org/comet.io/-/comet.io-0.0.5.tgz' },
37 silly install resolved     _npmVersion: '1.1.63',
37 silly install resolved     _npmUser: { name: 'snakajima', email: 'satoshi.nakajima@gmail.com' },
37 silly install resolved     maintainers: [ [Object] ],
37 silly install resolved     directories: {},
37 silly install resolved     _shasum: '2fff0313c9abf99f067064ead7a90a0c38c686f3',
37 silly install resolved     _resolved: 'https://registry.npmjs.org/comet.io/-/comet.io-0.0.5.tgz',
37 silly install resolved     _from: 'comet.io@latest',
37 silly install resolved     bugs: { url: 'https://github.com/snakajima/comet.io/issues' },
37 silly install resolved     homepage: 'https://github.com/snakajima/comet.io#readme' } ]
38 info install comet.io@0.0.5 into /usr/local/lib
39 info installOne comet.io@0.0.5
40 verbose installOne of comet.io to /usr/local/lib not in flight; installing
41 verbose correctMkdir /Users/tunguyen/.npm/_locks correctMkdir not in flight; initializing
42 verbose lock using /Users/tunguyen/.npm/_locks/comet-io-71331dfca2c9fb9a.lock for /usr/local/lib/node_modules/comet.io
43 silly install write writing comet.io 0.0.5 to /usr/local/lib/node_modules/comet.io
44 verbose unbuild lib/node_modules/comet.io
45 silly gentlyRm /usr/local/lib/node_modules/comet.io is being purged from base /usr/local
46 verbose gentlyRm don't care about contents; nuking /usr/local/lib/node_modules/comet.io
47 verbose tar unpack /Users/tunguyen/.npm/comet.io/0.0.5/package.tgz
48 verbose tar unpacking to /usr/local/lib/node_modules/comet.io
49 silly gentlyRm /usr/local/lib/node_modules/comet.io is being purged
50 verbose gentlyRm don't care about contents; nuking /usr/local/lib/node_modules/comet.io
51 silly gunzTarPerm modes [ '755', '644' ]
52 error tar.unpack untar error /Users/tunguyen/.npm/comet.io/0.0.5/package.tgz
53 verbose unlock done using /Users/tunguyen/.npm/_locks/comet-io-71331dfca2c9fb9a.lock for /usr/local/lib/node_modules/comet.io
54 verbose fstream_path /usr/local/lib/node_modules/comet.io
55 verbose fstream_type Directory
56 verbose fstream_class DirWriter
57 verbose stack Error: EACCES: permission denied, mkdir '/usr/local/lib/node_modules/comet.io'
57 verbose stack     at Error (native)
58 verbose fstream_stack /usr/local/lib/node_modules/npm/node_modules/fstream/lib/dir-writer.js:35:25
58 verbose fstream_stack /usr/local/lib/node_modules/npm/node_modules/mkdirp/index.js:47:53
58 verbose fstream_stack FSReqWrap.oncomplete (fs.js:82:15)
59 verbose cwd /Users/tunguyen/Documents/ruby
60 error Darwin 13.4.0
61 error argv "/usr/local/bin/node" "/usr/local/bin/npm" "install" "-g" "comet.io"
62 error node v4.5.0
63 error npm  v2.15.9
64 error path /usr/local/lib/node_modules/comet.io
65 error code EACCES
66 error errno -13
67 error syscall mkdir
68 error Error: EACCES: permission denied, mkdir '/usr/local/lib/node_modules/comet.io'
68 error     at Error (native)
68 error  { [Error: EACCES: permission denied, mkdir '/usr/local/lib/node_modules/comet.io']
68 error   errno: -13,
68 error   code: 'EACCES',
68 error   syscall: 'mkdir',
68 error   path: '/usr/local/lib/node_modules/comet.io',
68 error   fstream_type: 'Directory',
68 error   fstream_path: '/usr/local/lib/node_modules/comet.io',
68 error   fstream_class: 'DirWriter',
68 error   fstream_stack:
68 error    [ '/usr/local/lib/node_modules/npm/node_modules/fstream/lib/dir-writer.js:35:25',
68 error      '/usr/local/lib/node_modules/npm/node_modules/mkdirp/index.js:47:53',
68 error      'FSReqWrap.oncomplete (fs.js:82:15)' ] }
69 error Please try running this command again as root/Administrator.
70 verbose exit [ -13, true ]
71 verbose unbuild lib/node_modules/comet.io
72 silly gentlyRm /usr/local/lib/node_modules/comet.io is being purged from base /usr/local
73 verbose gentlyRm don't care about contents; nuking /usr/local/lib/node_modules/comet.io
